[debug] [2025-03-21T19:23:13.747Z] ----------------------------------------------------------------------
[debug] [2025-03-21T19:23:13.750Z] Command:       C:\Program Files\nodejs\node.exe C:\Users\WELCOME\AppData\Roaming\npm\node_modules\firebase-tools\lib\bin\firebase.js init
[debug] [2025-03-21T19:23:13.750Z] CLI Version:   13.35.1
[debug] [2025-03-21T19:23:13.750Z] Platform:      win32
[debug] [2025-03-21T19:23:13.751Z] Node Version:  v20.17.0
[debug] [2025-03-21T19:23:13.751Z] Time:          Sat Mar 22 2025 00:53:13 GMT+0530 (India Standard Time)
[debug] [2025-03-21T19:23:13.751Z] ----------------------------------------------------------------------
[debug] 
[debug] [2025-03-21T19:23:13.758Z] > command requires scopes: ["email","openid","https://www.googleapis.com/auth/cloudplatformprojects.readonly","https://www.googleapis.com/auth/firebase","https://www.googleapis.com/auth/cloud-platform"]
[debug] [2025-03-21T19:23:13.759Z] > authorizing via signed-in user (yuviiyuvashree@gmail.com)
[info] 
     ######## #### ########  ######## ########     ###     ######  ########
     ##        ##  ##     ## ##       ##     ##  ##   ##  ##       ##
     ######    ##  ########  ######   ########  #########  ######  ######
     ##        ##  ##    ##  ##       ##     ## ##     ##       ## ##
     ##       #### ##     ## ######## ########  ##     ##  ######  ########

You're about to initialize a Firebase project in this directory:

  C:\Users\WELCOME\Desktop\Fluttergram\fluttergram

[info] 
=== Project Setup
[info] 
[info] First, let's associate this project directory with a Firebase project.
[info] You can create multiple project aliases by running firebase use --add, 
[info] but for now we'll just set up a default project.
[info] 
[info] i  If you want to create a project in a Google Cloud organization or folder, please use "firebase projects:create" instead, and return to this command when you've created the project. 
[debug] [2025-03-21T19:29:18.160Z] Checked if tokens are valid: true, expires at: 1742588188019
[debug] [2025-03-21T19:29:18.161Z] Checked if tokens are valid: true, expires at: 1742588188019
[debug] [2025-03-21T19:29:18.165Z] >>> [apiv2][query] POST https://cloudresourcemanager.googleapis.com/v1/projects [none]
[debug] [2025-03-21T19:29:18.165Z] >>> [apiv2][body] POST https://cloudresourcemanager.googleapis.com/v1/projects {"projectId":"fluttergram","name":"fluttergramapp"}
[debug] [2025-03-21T19:29:20.274Z] <<< [apiv2][status] POST https://cloudresourcemanager.googleapis.com/v1/projects 409
[debug] [2025-03-21T19:29:20.274Z] <<< [apiv2][body] POST https://cloudresourcemanager.googleapis.com/v1/projects {"error":{"code":409,"message":"Requested entity already exists","status":"ALREADY_EXISTS"}}
[debug] [2025-03-21T19:29:20.756Z] FirebaseError: Request to https://cloudresourcemanager.googleapis.com/v1/projects had HTTP Error: 409, Requested entity already exists
    at responseToError (C:\Users\WELCOME\AppData\Roaming\npm\node_modules\firebase-tools\lib\responseToError.js:52:12)
    at RetryOperation._fn (C:\Users\WELCOME\AppData\Roaming\npm\node_modules\firebase-tools\lib\apiv2.js:312:77)
    at process.processTicksAndRejections (node:internal/process/task_queues:95:5)
[error] 
[error] Error: Failed to create project because there is already a project with ID fluttergram. Please try again with a unique project ID.
[debug] [2025-03-21T19:31:39.032Z] ----------------------------------------------------------------------
[debug] [2025-03-21T19:31:39.036Z] Command:       C:\Program Files\nodejs\node.exe C:\Users\WELCOME\AppData\Roaming\npm\node_modules\firebase-tools\lib\bin\firebase.js init
[debug] [2025-03-21T19:31:39.036Z] CLI Version:   13.35.1
[debug] [2025-03-21T19:31:39.037Z] Platform:      win32
[debug] [2025-03-21T19:31:39.037Z] Node Version:  v20.17.0
[debug] [2025-03-21T19:31:39.037Z] Time:          Sat Mar 22 2025 01:01:39 GMT+0530 (India Standard Time)
[debug] [2025-03-21T19:31:39.037Z] ----------------------------------------------------------------------
[debug] 
[debug] [2025-03-21T19:31:39.046Z] > command requires scopes: ["email","openid","https://www.googleapis.com/auth/cloudplatformprojects.readonly","https://www.googleapis.com/auth/firebase","https://www.googleapis.com/auth/cloud-platform"]
[debug] [2025-03-21T19:31:39.046Z] > authorizing via signed-in user (yuviiyuvashree@gmail.com)
[info] 
     ######## #### ########  ######## ########     ###     ######  ########
     ##        ##  ##     ## ##       ##     ##  ##   ##  ##       ##
     ######    ##  ########  ######   ########  #########  ######  ######
     ##        ##  ##    ##  ##       ##     ## ##     ##       ## ##
     ##       #### ##     ## ######## ########  ##     ##  ######  ########

You're about to initialize a Firebase project in this directory:

  C:\Users\WELCOME\Desktop\Fluttergram\fluttergram

[info] 
=== Project Setup
[info] 
[info] First, let's associate this project directory with a Firebase project.
[info] You can create multiple project aliases by running firebase use --add, 
[info] but for now we'll just set up a default project.
[info] 
[info] i  If you want to create a project in a Google Cloud organization or folder, please use "firebase projects:create" instead, and return to this command when you've created the project. 
[debug] [2025-03-21T19:32:47.129Z] Checked if tokens are valid: true, expires at: 1742588188019
[debug] [2025-03-21T19:32:47.129Z] Checked if tokens are valid: true, expires at: 1742588188019
[debug] [2025-03-21T19:32:47.138Z] >>> [apiv2][query] POST https://cloudresourcemanager.googleapis.com/v1/projects [none]
[debug] [2025-03-21T19:32:47.139Z] >>> [apiv2][body] POST https://cloudresourcemanager.googleapis.com/v1/projects {"projectId":"fluttergram_114","name":"fluttergram_114"}
[debug] [2025-03-21T19:32:49.609Z] <<< [apiv2][status] POST https://cloudresourcemanager.googleapis.com/v1/projects 400
[debug] [2025-03-21T19:32:49.610Z] <<< [apiv2][body] POST https://cloudresourcemanager.googleapis.com/v1/projects {"error":{"code":400,"message":"Request contains an invalid argument.","status":"INVALID_ARGUMENT","details":[{"@type":"type.googleapis.com/google.rpc.BadRequest","fieldViolations":[{"field":"project_id","description":"project_id contains invalid characters"},{"field":"display_name","description":"project display name contains invalid characters"}]},{"@type":"type.googleapis.com/google.rpc.Help","links":[{"url":"https://cloud.google.com/resource-manager/reference/rest/v1/projects"}]}]}}
[debug] [2025-03-21T19:32:50.088Z] FirebaseError: Request to https://cloudresourcemanager.googleapis.com/v1/projects had HTTP Error: 400, Request contains an invalid argument.
    at responseToError (C:\Users\WELCOME\AppData\Roaming\npm\node_modules\firebase-tools\lib\responseToError.js:52:12)
    at RetryOperation._fn (C:\Users\WELCOME\AppData\Roaming\npm\node_modules\firebase-tools\lib\apiv2.js:312:77)
    at process.processTicksAndRejections (node:internal/process/task_queues:95:5)
[error] 
[error] Error: Failed to create project. See firebase-debug.log for more info.
